
bb_init()
    conn:
    proto_major = 7
    proto_minor = 32
    async_read = 1
    max_write = 131072
    max_readahead = 131072
    capable = 00000ffb
    want = 00000010
    max_background = 0
    congestion_threshold = 0
    context:
    fuse = b497e5a0
    uid = 0
    gid = 0
    pid = 0
    private_data = b497ceb0
    logfile = b497cfa0
    rootdir = /mnt/c/Users/mchonaker/Documents/Projects/RPI-CLASSES/SPRING 2022/ECSE-4961/ECSE-4961/project 5/src_dir
    umask = 00000

bb_getattr(path="/", statbuf=0x41966c10)
    bb_fullpath:  rootdir = "/mnt/c/Users/mchonaker/Documents/Projects/RPI-CLASSES/SPRING 2022/ECSE-4961/ECSE-4961/project 5/src_dir", path = "/", fpath = "/mnt/c/Users/mchonaker/Documents/Projects/RPI-CLASSES/SPRING 2022/ECSE-4961/ECSE-4961/project 5/src_dir/"
    lstat returned 0
    si:
    st_dev = 46
    st_ino = 3659174698664528
    st_mode = 040777
    st_nlink = 1
    st_uid = 1000
    st_gid = 1000
    st_rdev = 0
    st_size = 4096
    st_blksize = 4096
    st_blocks = 0
    st_atime = 0x6261a4fe
    st_mtime = 0x6261a4fe
    st_ctime = 0x6261a4fe

bb_access(path="/", mask=01)
    bb_fullpath:  rootdir = "/mnt/c/Users/mchonaker/Documents/Projects/RPI-CLASSES/SPRING 2022/ECSE-4961/ECSE-4961/project 5/src_dir", path = "/", fpath = "/mnt/c/Users/mchonaker/Documents/Projects/RPI-CLASSES/SPRING 2022/ECSE-4961/ECSE-4961/project 5/src_dir/"

bb_getattr(path="/test.txt", statbuf=0x41966c40)
    bb_fullpath:  rootdir = "/mnt/c/Users/mchonaker/Documents/Projects/RPI-CLASSES/SPRING 2022/ECSE-4961/ECSE-4961/project 5/src_dir", path = "/test.txt", fpath = "/mnt/c/Users/mchonaker/Documents/Projects/RPI-CLASSES/SPRING 2022/ECSE-4961/ECSE-4961/project 5/src_dir/test.txt"
    lstat returned -1
    ERROR lstat: No such file or directory
    si:
    st_dev = 0
    st_ino = 0
    st_mode = 00
    st_nlink = 0
    st_uid = 0
    st_gid = 0
    st_rdev = 0
    st_size = 0
    st_blksize = 0
    st_blocks = 0
    st_atime = 0x00000000
    st_mtime = 0x00000000
    st_ctime = 0x00000000

bb_mknod(path="/test.txt", mode=0100644, dev=0)
    bb_fullpath:  rootdir = "/mnt/c/Users/mchonaker/Documents/Projects/RPI-CLASSES/SPRING 2022/ECSE-4961/ECSE-4961/project 5/src_dir", path = "/test.txt", fpath = "/mnt/c/Users/mchonaker/Documents/Projects/RPI-CLASSES/SPRING 2022/ECSE-4961/ECSE-4961/project 5/src_dir/test.txt"
    open returned 5
    close returned 0

bb_getattr(path="/test.txt", statbuf=0x41966c40)
    bb_fullpath:  rootdir = "/mnt/c/Users/mchonaker/Documents/Projects/RPI-CLASSES/SPRING 2022/ECSE-4961/ECSE-4961/project 5/src_dir", path = "/test.txt", fpath = "/mnt/c/Users/mchonaker/Documents/Projects/RPI-CLASSES/SPRING 2022/ECSE-4961/ECSE-4961/project 5/src_dir/test.txt"
    lstat returned 0
    si:
    st_dev = 46
    st_ino = 21955048183482043
    st_mode = 0100777
    st_nlink = 1
    st_uid = 1000
    st_gid = 1000
    st_rdev = 0
    st_size = 0
    st_blksize = 4096
    st_blocks = 0
    st_atime = 0x6261a511
    st_mtime = 0x6261a511
    st_ctime = 0x6261a511

bb_open(path"/test.txt", fi=0x42189cf0)
    bb_fullpath:  rootdir = "/mnt/c/Users/mchonaker/Documents/Projects/RPI-CLASSES/SPRING 2022/ECSE-4961/ECSE-4961/project 5/src_dir", path = "/test.txt", fpath = "/mnt/c/Users/mchonaker/Documents/Projects/RPI-CLASSES/SPRING 2022/ECSE-4961/ECSE-4961/project 5/src_dir/test.txt"
    open returned 5
    fi:
    flags = 0x00008001
    fh_old = 0x00000000
    writepage = 0
    direct_io = 0
    keep_cache = 0
    fh = 0x0000000000000005
    lock_owner = 0x0000000000000000
Adding offset 0 to file handle 5

bb_flush(path="/test.txt", fi=0x41966cf0)
    fi:
    flags = 0x00000000
    fh_old = 0x00000005
    writepage = 0
    direct_io = 0
    keep_cache = 0
    fh = 0x0000000000000005
    lock_owner = 0x0aacd5ef2fc24220

bb_getxattr(path = "/test.txt", name = "security.capability", value = 0x00000000, size = 0)
    bb_fullpath:  rootdir = "/mnt/c/Users/mchonaker/Documents/Projects/RPI-CLASSES/SPRING 2022/ECSE-4961/ECSE-4961/project 5/src_dir", path = "/test.txt", fpath = "/mnt/c/Users/mchonaker/Documents/Projects/RPI-CLASSES/SPRING 2022/ECSE-4961/ECSE-4961/project 5/src_dir/test.txt"
    lgetxattr returned -1
    ERROR lgetxattr: No data available
bb_write buffer abc fasdf fasd : 14

bb_write(path="/test.txt", buf=0x41968060, size=14, offset=0, fi=0x41966d50)
    fi:
    flags = 0x00008001
    fh_old = 0x00000005
    writepage = 0
    direct_io = 0
    keep_cache = 0
    fh = 0x0000000000000005
    lock_owner = 0x0000000000000000
Writing abc to file
    pwrite returned 2
Writing fasdf to file
    pwrite returned 7
    pwrite returned 4

bb_flush(path="/test.txt", fi=0x42189cf0)
    fi:
    flags = 0x00000000
    fh_old = 0x00000005
    writepage = 0
    direct_io = 0
    keep_cache = 0
    fh = 0x0000000000000005
    lock_owner = 0x0aacd5ef2fc24220

bb_release(path="/test.txt", fi=0x41966cf0)
    fi:
    flags = 0x00008001
    fh_old = 0x00000005
    writepage = 0
    direct_io = 0
    keep_cache = 0
    fh = 0x0000000000000005
    lock_owner = 0x0000000000000000
    close returned 0

bb_getattr(path="/", statbuf=0x42189c10)
    bb_fullpath:  rootdir = "/mnt/c/Users/mchonaker/Documents/Projects/RPI-CLASSES/SPRING 2022/ECSE-4961/ECSE-4961/project 5/src_dir", path = "/", fpath = "/mnt/c/Users/mchonaker/Documents/Projects/RPI-CLASSES/SPRING 2022/ECSE-4961/ECSE-4961/project 5/src_dir/"
    lstat returned 0
    si:
    st_dev = 46
    st_ino = 3659174698664528
    st_mode = 040777
    st_nlink = 1
    st_uid = 1000
    st_gid = 1000
    st_rdev = 0
    st_size = 4096
    st_blksize = 4096
    st_blocks = 0
    st_atime = 0x6261a511
    st_mtime = 0x6261a511
    st_ctime = 0x6261a511
